<?xml version="1.0" encoding="UTF-8"?>
<!-- Generated by org.testng.reporters.JUnitXMLReporter -->
<testsuite hostname="Bluetie-Tester-Poornima" ignored="8" name="E2E Test Suite On Android - Pixel" tests="10" failures="5" timestamp="17 Nov 2019 10:03:44 GMT" time="1.346" errors="0">
  <testcase name="@BeforeSuite startAppiumServer" time="45.874" classname="com.bluetie.common.Base">
    <failure type="org.openqa.selenium.WebDriverException" message="It is impossible to create a new session because &amp;apos;createSession&amp;apos; which takes HttpClient, InputStream and long was not found or it is not accessible
Build info: version: &amp;apos;3.12.0&amp;apos;, revision: &amp;apos;7c6e0b3&amp;apos;, time: &amp;apos;2018-05-08T15:15:03.216Z&amp;apos;
System info: host: &amp;apos;BLUETIE-TESTER-&amp;apos;, ip: &amp;apos;10.2.0.242&amp;apos;, os.name: &amp;apos;Windows 10&amp;apos;, os.arch: &amp;apos;amd64&amp;apos;, os.version: &amp;apos;10.0&amp;apos;, java.version: &amp;apos;1.8.0_141&amp;apos;
Driver info: driver.version: AndroidDriver">
      <![CDATA[org.openqa.selenium.WebDriverException: It is impossible to create a new session because 'createSession' which takes HttpClient, InputStream and long was not found or it is not accessible
Build info: version: '3.12.0', revision: '7c6e0b3', time: '2018-05-08T15:15:03.216Z'
System info: host: 'BLUETIE-TESTER-', ip: '10.2.0.242', os.name: 'Windows 10', os.arch: 'amd64', os.version: '10.0', java.version: '1.8.0_141'
Driver info: driver.version: AndroidDriver
at io.appium.java_client.remote.AppiumCommandExecutor$1.createSession(AppiumCommandExecutor.java:195)
at io.appium.java_client.remote.AppiumCommandExecutor.createSession(AppiumCommandExecutor.java:209)
at io.appium.java_client.remote.AppiumCommandExecutor.execute(AppiumCommandExecutor.java:231)
at org.openqa.selenium.remote.RemoteWebDriver.execute(RemoteWebDriver.java:543)
at io.appium.java_client.DefaultGenericMobileDriver.execute(DefaultGenericMobileDriver.java:42)
at io.appium.java_client.AppiumDriver.execute(AppiumDriver.java:1)
at io.appium.java_client.android.AndroidDriver.execute(AndroidDriver.java:1)
at org.openqa.selenium.remote.RemoteWebDriver.startSession(RemoteWebDriver.java:207)
at org.openqa.selenium.remote.RemoteWebDriver.<init>(RemoteWebDriver.java:130)
at io.appium.java_client.DefaultGenericMobileDriver.<init>(DefaultGenericMobileDriver.java:38)
at io.appium.java_client.AppiumDriver.<init>(AppiumDriver.java:84)
at io.appium.java_client.AppiumDriver.<init>(AppiumDriver.java:94)
at io.appium.java_client.android.AndroidDriver.<init>(AndroidDriver.java:93)
at com.bluetie.drivers.AndroidDriverBuilder.setupDriver(AndroidDriverBuilder.java:44)
at com.bluetie.common.Base.setupMobileDriver(Base.java:100)
at com.bluetie.common.Base.startAppiumServer(Base.java:65)
at io.appium.java_client.remote.AppiumCommandExecutor$1.createSession(AppiumCommandExecutor.java:185)
... 35 more
Caused by: org.openqa.selenium.WebDriverException: An unknown server-side error occurred while processing the command. Original error: Could not sign with default certificate. Original error Command ''C:\\Program Files\\Java\\jdk-13.0.1\\bin\\java.exe' -jar 'C:\\Program Files (x86)\\Appium\\resources\\app\\node_modules\\appium\\node_modules\\appium-adb\\jars\\sign.jar' 'C:\\Program Files (x86)\\Appium\\resources\\app\\node_modules\\appium\\node_modules\\appium-uiautomator2-server\\apks\\appium-uiautomator2-server-v1.12.0.apk' --override' exited with code 1
Build info: version: '3.12.0', revision: '7c6e0b3', time: '2018-05-08T15:15:03.216Z'
System info: host: 'BLUETIE-TESTER-', ip: '10.2.0.242', os.name: 'Windows 10', os.arch: 'amd64', os.version: '10.0', java.version: '1.8.0_141'
Driver info: driver.version: AndroidDriver
remote stacktrace: UnknownError: An unknown server-side error occurred while processing the command. Original error: Could not sign with default certificate. Original error Command ''C:\\Program Files\\Java\\jdk-13.0.1\\bin\\java.exe' -jar 'C:\\Program Files (x86)\\Appium\\resources\\app\\node_modules\\appium\\node_modules\\appium-adb\\jars\\sign.jar' 'C:\\Program Files (x86)\\Appium\\resources\\app\\node_modules\\appium\\node_modules\\appium-uiautomator2-server\\apks\\appium-uiautomator2-server-v1.12.0.apk' --override' exited with code 1
    at getResponseForW3CError (C:\Program Files (x86)\Appium\resources\app\node_modules\appium\node_modules\appium-base-driver\lib\protocol\errors.js:806:13)
    at asyncHandler$ (C:\Program Files (x86)\Appium\resources\app\node_modules\appium\node_modules\appium-base-driver\lib\protocol\protocol.js:361:37)
    at tryCatch (C:\Program Files (x86)\Appium\resources\app\node_modules\appium\node_modules\babel-runtime\regenerator\runtime.js:67:40)
    at GeneratorFunctionPrototype.invoke [as _invoke] (C:\Program Files (x86)\Appium\resources\app\node_modules\appium\node_modules\babel-runtime\regenerator\runtime.js:315:22)
    at GeneratorFunctionPrototype.prototype.(anonymous function) [as next] (C:\Program Files (x86)\Appium\resources\app\node_modules\appium\node_modules\babel-runtime\regenerator\runtime.js:100:21)
    at GeneratorFunctionPrototype.invoke (C:\Program Files (x86)\Appium\resources\app\node_modules\appium\node_modules\babel-runtime\regenerator\runtime.js:136:37)
    at <anonymous>
at org.openqa.selenium.remote.W3CHandshakeResponse.lambda$new$0(W3CHandshakeResponse.java:57)
at org.openqa.selenium.remote.W3CHandshakeResponse.lambda$getResponseFunction$2(W3CHandshakeResponse.java:104)
at org.openqa.selenium.remote.ProtocolHandshake.lambda$createSession$0(ProtocolHandshake.java:123)
at java.util.stream.ReferencePipeline$3$1.accept(ReferencePipeline.java:193)
at java.util.Spliterators$ArraySpliterator.tryAdvance(Spliterators.java:958)
at java.util.stream.ReferencePipeline.forEachWithCancel(ReferencePipeline.java:126)
at java.util.stream.AbstractPipeline.copyIntoWithCancel(AbstractPipeline.java:498)
at java.util.stream.AbstractPipeline.copyInto(AbstractPipeline.java:485)
at java.util.stream.AbstractPipeline.wrapAndCopyInto(AbstractPipeline.java:471)
at java.util.stream.FindOps$FindOp.evaluateSequential(FindOps.java:152)
at java.util.stream.AbstractPipeline.evaluate(AbstractPipeline.java:234)
at java.util.stream.ReferencePipeline.findFirst(ReferencePipeline.java:464)
at org.openqa.selenium.remote.ProtocolHandshake.createSession(ProtocolHandshake.java:126)
... 40 more
... Removed 29 stack frames]]>
    </failure>
  </testcase> <!-- @BeforeSuite startAppiumServer -->
  <testcase name="bannersclick" time="0.0" classname="tests.android.BannerTest">
    <skipped/>
  </testcase> <!-- bannersclick -->
  <testcase name="bannersclick" time="0.828" classname="tests.android.BannerTest">
    <failure type="java.lang.NullPointerException">
      <![CDATA[java.lang.NullPointerException
at com.bluetie.listeners.CustomListeners.onTestSkipped(CustomListeners.java:59)
... Removed 23 stack frames]]>
    </failure>
  </testcase> <!-- bannersclick -->
  <testcase name="logintest" time="0.0" classname="tests.android.signinTest">
    <skipped/>
  </testcase> <!-- logintest -->
  <testcase name="logintest" time="0.033" classname="tests.android.signinTest">
    <failure type="java.lang.NullPointerException">
      <![CDATA[java.lang.NullPointerException
at com.bluetie.listeners.CustomListeners.onTestSkipped(CustomListeners.java:59)
... Removed 23 stack frames]]>
    </failure>
  </testcase> <!-- logintest -->
  <testcase name="registrationStepsTest" time="0.0" classname="tests.android.StepsTest">
    <skipped/>
  </testcase> <!-- registrationStepsTest -->
  <testcase name="registrationStepsTest" time="0.026" classname="tests.android.StepsTest">
    <failure type="java.lang.NullPointerException">
      <![CDATA[java.lang.NullPointerException
at com.bluetie.listeners.CustomListeners.onTestSkipped(CustomListeners.java:59)
... Removed 23 stack frames]]>
    </failure>
  </testcase> <!-- registrationStepsTest -->
  <testcase name="exploreanimationSteps" time="0.0" classname="tests.android.ExploreAnimationTest">
    <skipped/>
  </testcase> <!-- exploreanimationSteps -->
  <testcase name="exploreanimationSteps" time="0.024" classname="tests.android.ExploreAnimationTest">
    <failure type="java.lang.NullPointerException">
      <![CDATA[java.lang.NullPointerException
at com.bluetie.listeners.CustomListeners.onTestSkipped(CustomListeners.java:59)
... Removed 23 stack frames]]>
    </failure>
  </testcase> <!-- exploreanimationSteps -->
  <testcase name="signout" time="0.0" classname="tests.android.SignoutTest">
    <skipped/>
  </testcase> <!-- signout -->
  <testcase name="signout" time="0.021" classname="tests.android.SignoutTest">
    <failure type="java.lang.NullPointerException">
      <![CDATA[java.lang.NullPointerException
at com.bluetie.listeners.CustomListeners.onTestSkipped(CustomListeners.java:59)
... Removed 23 stack frames]]>
    </failure>
  </testcase> <!-- signout -->
  <testcase name="@BeforeSuite startAppiumServer" time="0.0" classname="com.bluetie.common.Base">
    <ignored/>
  </testcase> <!-- @BeforeSuite startAppiumServer -->
  <testcase name="@BeforeSuite startAppiumServer" time="0.0" classname="com.bluetie.common.Base">
    <ignored/>
  </testcase> <!-- @BeforeSuite startAppiumServer -->
  <testcase name="@BeforeSuite startAppiumServer" time="0.0" classname="com.bluetie.common.Base">
    <ignored/>
  </testcase> <!-- @BeforeSuite startAppiumServer -->
  <testcase name="@BeforeSuite startAppiumServer" time="0.0" classname="com.bluetie.common.Base">
    <ignored/>
  </testcase> <!-- @BeforeSuite startAppiumServer -->
  <testcase name="@AfterSuite stopAppiumServer" time="0.0" classname="com.bluetie.common.Base">
    <ignored/>
  </testcase> <!-- @AfterSuite stopAppiumServer -->
  <testcase name="@AfterSuite stopAppiumServer" time="0.0" classname="com.bluetie.common.Base">
    <ignored/>
  </testcase> <!-- @AfterSuite stopAppiumServer -->
  <testcase name="@AfterSuite stopAppiumServer" time="0.0" classname="com.bluetie.common.Base">
    <ignored/>
  </testcase> <!-- @AfterSuite stopAppiumServer -->
  <testcase name="@AfterSuite stopAppiumServer" time="0.0" classname="com.bluetie.common.Base">
    <ignored/>
  </testcase> <!-- @AfterSuite stopAppiumServer -->
</testsuite> <!-- E2E Test Suite On Android - Pixel -->
